mktextfm Times
mktextfm Times
mktextfm Times
mktextfm Times/BI
mktextfm Times
mktextfm Times/B
mktextfm Times
mktextfm Times/I
mktextfm Times
mktextfm Times
mktextfm Times
mktextfm Helvetica
mktextfm Helvetica
mktextfm Helvetica
mktextfm Helvetica/BI
mktextfm Helvetica
mktextfm Helvetica/B
mktextfm Helvetica
mktextfm Helvetica/I
mktextfm Helvetica
mktextfm Helvetica
mktextfm Times
mktextfm Courier
mktextfm Courier
mktextfm Courier
mktextfm Courier/BI
mktextfm Courier
mktextfm Courier/B
mktextfm Courier
mktextfm Courier/I
mktextfm Courier
mktextfm Courier
mktextfm Times
mktextfm Times
mktextfm Times
mktextfm Times
mktextfm Times
mktextfm Times
mktextfm Times
mktextfm Times
mktextfm Times
mktextfm Times
mktextfm Times
mktextfm Times
mktextfm Times
mktextfm Times
mktextfm Times
mktextfm Times
mktextfm Times
mktextfm Times
mktextfm Times
mktextfm Times/BI
mktextfm Times
mktextfm Times/B
mktextfm Times
mktextfm Times/I
mktextfm Times
mktextfm Times
mktextfm Times
mktextfm Helvetica
mktextfm Helvetica
mktextfm Helvetica
mktextfm Helvetica/BI
mktextfm Helvetica
mktextfm Helvetica/B
mktextfm Helvetica
mktextfm Helvetica/I
mktextfm Helvetica
mktextfm Helvetica
mktextfm Times
mktextfm Courier
mktextfm Courier
mktextfm Courier
mktextfm Courier/BI
mktextfm Courier
mktextfm Courier/B
mktextfm Courier
mktextfm Courier/I
mktextfm Courier
mktextfm Courier
mktextfm Times
mktextfm Times
mktextfm Times
mktextfm Times
mktextfm Times
mktextfm Times
mktextfm Times
mktextfm Times
mktextfm Times
mktextfm Times
mktextfm Times
mktextfm Times
mktextfm Times
mktextfm Times
mktextfm Times
mktextfm Times
mktextfm Times
mktextfm Times
mktextfm Times
mktextfm Times/BI
mktextfm Times
mktextfm Times/B
mktextfm Times
mktextfm Times/I
mktextfm Times
mktextfm Times
mktextfm Times
mktextfm Helvetica
mktextfm Helvetica
mktextfm Helvetica
mktextfm Helvetica/BI
mktextfm Helvetica
mktextfm Helvetica/B
mktextfm Helvetica
mktextfm Helvetica/I
mktextfm Helvetica
mktextfm Helvetica
mktextfm Times
mktextfm Courier
mktextfm Courier
mktextfm Courier
mktextfm Courier/BI
mktextfm Courier
mktextfm Courier/B
mktextfm Courier
mktextfm Courier/I
mktextfm Courier
mktextfm Courier
mktextfm Times
mktextfm Times
mktextfm Times
mktextfm Times
mktextfm Times
mktextfm Times
mktextfm Times
mktextfm Times
mktextfm Times
mktextfm Times
mktextfm Times
mktextfm Times
mktextfm Times
mktextfm Times
mktextfm Times
mktextfm Times
